<?xml version="1.0" encoding="UTF-8"?>
<testng-results ignored="0" total="2" passed="1" failed="1" skipped="0">
  <reporter-output>
  </reporter-output>
  <suite started-at="2024-05-31T15:38:55 IST" name="Default suite" finished-at="2024-05-31T15:39:31 IST" duration-ms="36722">
    <groups>
    </groups>
    <test started-at="2024-05-31T15:38:55 IST" name="Default test" finished-at="2024-05-31T15:39:31 IST" duration-ms="36722">
      <class name="Module1_Test_Class.OrangeHRM_TestClass">
        <test-method is-config="true" signature="Open_Browser()[pri:0, instance:Module1_Test_Class.OrangeHRM_TestClass@68999068]" started-at="2024-05-31T15:38:55 IST" name="Open_Browser" finished-at="2024-05-31T15:39:03 IST" duration-ms="8666" status="PASS">
          <reporter-output>
          </reporter-output>
        </test-method> <!-- Open_Browser -->
        <test-method is-config="true" signature="LoginToApp()[pri:0, instance:Module1_Test_Class.OrangeHRM_TestClass@68999068]" started-at="2024-05-31T15:39:03 IST" name="LoginToApp" finished-at="2024-05-31T15:39:10 IST" duration-ms="6396" status="PASS">
          <reporter-output>
          </reporter-output>
        </test-method> <!-- LoginToApp -->
        <test-method signature="VerifyUserNameofDashboard()[pri:1, instance:Module1_Test_Class.OrangeHRM_TestClass@68999068]" started-at="2024-05-31T15:39:10 IST" name="VerifyUserNameofDashboard" finished-at="2024-05-31T15:39:13 IST" duration-ms="3678" status="PASS">
          <reporter-output>
          </reporter-output>
        </test-method> <!-- VerifyUserNameofDashboard -->
        <test-method is-config="true" signature="LogoutOutfromApp(org.testng.ITestResult)[pri:0, instance:Module1_Test_Class.OrangeHRM_TestClass@68999068]" started-at="2024-05-31T15:39:13 IST" name="LogoutOutfromApp" finished-at="2024-05-31T15:39:18 IST" duration-ms="5018" status="PASS">
          <params>
            <param index="0">
              <value>
                <![CDATA[[TestResult name=VerifyUserNameofDashboard status=SUCCESS method=OrangeHRM_TestClass.VerifyUserNameofDashboard()[pri:1, instance:Module1_Test_Class.OrangeHRM_TestClass@68999068] output={null}]]]>
              </value>
            </param>
          </params>
          <reporter-output>
          </reporter-output>
        </test-method> <!-- LogoutOutfromApp -->
        <test-method is-config="true" signature="LoginToApp()[pri:0, instance:Module1_Test_Class.OrangeHRM_TestClass@68999068]" started-at="2024-05-31T15:39:18 IST" name="LoginToApp" finished-at="2024-05-31T15:39:25 IST" duration-ms="6273" status="PASS">
          <reporter-output>
          </reporter-output>
        </test-method> <!-- LoginToApp -->
        <test-method signature="VerifyTitle()[pri:2, instance:Module1_Test_Class.OrangeHRM_TestClass@68999068]" started-at="2024-05-31T15:39:25 IST" name="VerifyTitle" finished-at="2024-05-31T15:39:26 IST" duration-ms="1282" status="FAIL">
          <exception class="java.lang.AssertionError">
            <message>
              <![CDATA[null]]>
            </message>
            <full-stacktrace>
              <![CDATA[java.lang.AssertionError: null
at org.testng.Assert.fail(Assert.java:99)
at org.testng.Assert.fail(Assert.java:106)
at Module1_Test_Class.OrangeHRM_TestClass.VerifyTitle(OrangeHRM_TestClass.java:59)
at java.base/jdk.internal.reflect.NativeMethodAccessorImpl.invoke0(Native Method)
at java.base/jdk.internal.reflect.NativeMethodAccessorImpl.invoke(NativeMethodAccessorImpl.java:77)
at java.base/jdk.internal.reflect.DelegatingMethodAccessorImpl.invoke(DelegatingMethodAccessorImpl.java:43)
at java.base/java.lang.reflect.Method.invoke(Method.java:568)
at org.testng.internal.MethodInvocationHelper.invokeMethod(MethodInvocationHelper.java:133)
at org.testng.internal.TestInvoker.invokeMethod(TestInvoker.java:598)
at org.testng.internal.TestInvoker.invokeTestMethod(TestInvoker.java:173)
at org.testng.internal.MethodRunner.runInSequence(MethodRunner.java:46)
at org.testng.internal.TestInvoker$MethodInvocationAgent.invoke(TestInvoker.java:824)
at org.testng.internal.TestInvoker.invokeTestMethods(TestInvoker.java:146)
at org.testng.internal.TestMethodWorker.invokeTestMethods(TestMethodWorker.java:146)
at org.testng.internal.TestMethodWorker.run(TestMethodWorker.java:128)
at java.base/java.util.ArrayList.forEach(ArrayList.java:1511)
at org.testng.TestRunner.privateRun(TestRunner.java:794)
at org.testng.TestRunner.run(TestRunner.java:596)
at org.testng.SuiteRunner.runTest(SuiteRunner.java:377)
at org.testng.SuiteRunner.runSequentially(SuiteRunner.java:371)
at org.testng.SuiteRunner.privateRun(SuiteRunner.java:332)
at org.testng.SuiteRunner.run(SuiteRunner.java:276)
at org.testng.SuiteRunnerWorker.runSuite(SuiteRunnerWorker.java:53)
at org.testng.SuiteRunnerWorker.run(SuiteRunnerWorker.java:96)
at org.testng.TestNG.runSuitesSequentially(TestNG.java:1212)
at org.testng.TestNG.runSuitesLocally(TestNG.java:1134)
at org.testng.TestNG.runSuites(TestNG.java:1063)
at org.testng.TestNG.run(TestNG.java:1031)
at org.testng.remote.AbstractRemoteTestNG.run(AbstractRemoteTestNG.java:115)
at org.testng.remote.RemoteTestNG.initAndRun(RemoteTestNG.java:251)
at org.testng.remote.RemoteTestNG.main(RemoteTestNG.java:77)
]]>
            </full-stacktrace>
          </exception> <!-- java.lang.AssertionError -->
          <reporter-output>
          </reporter-output>
        </test-method> <!-- VerifyTitle -->
        <test-method is-config="true" signature="LogoutOutfromApp(org.testng.ITestResult)[pri:0, instance:Module1_Test_Class.OrangeHRM_TestClass@68999068]" started-at="2024-05-31T15:39:26 IST" name="LogoutOutfromApp" finished-at="2024-05-31T15:39:31 IST" duration-ms="5198" status="PASS">
          <params>
            <param index="0">
              <value>
                <![CDATA[[TestResult name=VerifyTitle status=FAILURE method=OrangeHRM_TestClass.VerifyTitle()[pri:2, instance:Module1_Test_Class.OrangeHRM_TestClass@68999068] output={null}]]]>
              </value>
            </param>
          </params>
          <reporter-output>
          </reporter-output>
        </test-method> <!-- LogoutOutfromApp -->
        <test-method is-config="true" signature="CloseBrowser()[pri:0, instance:Module1_Test_Class.OrangeHRM_TestClass@68999068]" started-at="2024-05-31T15:39:31 IST" name="CloseBrowser" finished-at="2024-05-31T15:39:31 IST" duration-ms="151" status="PASS">
          <reporter-output>
          </reporter-output>
        </test-method> <!-- CloseBrowser -->
      </class> <!-- Module1_Test_Class.OrangeHRM_TestClass -->
    </test> <!-- Default test -->
  </suite> <!-- Default suite -->
</testng-results>
